2019-03-27 21:55:48,141 [1] INFO Microsoft.AspNetCore.DataProtection.KeyManagement.XmlKeyManager - User profile is available. Using 'C:\Users\Domin\AppData\Local\ASP.NET\DataProtection-Keys' as key repository and Windows DPAPI to encrypt keys at rest.
2019-03-27 21:55:48,947 [10] DEBUG HttpsConnectionAdapter - Failed to authenticate HTTPS connection.
System.IO.IOException: Authentication failed because the remote party has closed the transport stream.
   at System.Net.Security.SslState.StartReadFrame(Byte[] buffer, Int32 readBytes, AsyncProtocolRequest asyncRequest)
   at System.Net.Security.SslState.StartReceiveBlob(Byte[] buffer, AsyncProtocolRequest asyncRequest)
   at System.Net.Security.SslState.ForceAuthentication(Boolean receiveFirst, Byte[] buffer, AsyncProtocolRequest asyncRequest)
   at System.Net.Security.SslState.ProcessAuthentication(LazyAsyncResult lazyResult)
   at System.Net.Security.SslStream.BeginAuthenticateAsServer(SslServerAuthenticationOptions sslServerAuthenticationOptions, CancellationToken cancellationToken, AsyncCallback asyncCallback, Object asyncState)
   at System.Net.Security.SslStream.<>c.<AuthenticateAsServerAsync>b__51_0(SslServerAuthenticationOptions arg1, CancellationToken arg2, AsyncCallback callback, Object state)
   at System.Threading.Tasks.TaskFactory`1.FromAsyncImpl[TArg1,TArg2](Func`5 beginMethod, Func`2 endFunction, Action`1 endAction, TArg1 arg1, TArg2 arg2, Object state, TaskCreationOptions creationOptions)
   at System.Threading.Tasks.TaskFactory.FromAsync[TArg1,TArg2](Func`5 beginMethod, Action`1 endMethod, TArg1 arg1, TArg2 arg2, Object state, TaskCreationOptions creationOptions)
   at System.Threading.Tasks.TaskFactory.FromAsync[TArg1,TArg2](Func`5 beginMethod, Action`1 endMethod, TArg1 arg1, TArg2 arg2, Object state)
   at System.Net.Security.SslStream.AuthenticateAsServerAsync(SslServerAuthenticationOptions sslServerAuthenticationOptions, CancellationToken cancellationToken)
   at Microsoft.AspNetCore.Server.Kestrel.Https.Internal.HttpsConnectionAdapter.InnerOnConnectionAsync(ConnectionAdapterContext context)
2019-03-27 21:55:48,947 [12] DEBUG HttpsConnectionAdapter - Failed to authenticate HTTPS connection.
System.IO.IOException: Authentication failed because the remote party has closed the transport stream.
   at System.Net.Security.SslState.StartReadFrame(Byte[] buffer, Int32 readBytes, AsyncProtocolRequest asyncRequest)
   at System.Net.Security.SslState.StartReceiveBlob(Byte[] buffer, AsyncProtocolRequest asyncRequest)
   at System.Net.Security.SslState.ForceAuthentication(Boolean receiveFirst, Byte[] buffer, AsyncProtocolRequest asyncRequest)
   at System.Net.Security.SslState.ProcessAuthentication(LazyAsyncResult lazyResult)
   at System.Net.Security.SslStream.BeginAuthenticateAsServer(SslServerAuthenticationOptions sslServerAuthenticationOptions, CancellationToken cancellationToken, AsyncCallback asyncCallback, Object asyncState)
   at System.Net.Security.SslStream.<>c.<AuthenticateAsServerAsync>b__51_0(SslServerAuthenticationOptions arg1, CancellationToken arg2, AsyncCallback callback, Object state)
   at System.Threading.Tasks.TaskFactory`1.FromAsyncImpl[TArg1,TArg2](Func`5 beginMethod, Func`2 endFunction, Action`1 endAction, TArg1 arg1, TArg2 arg2, Object state, TaskCreationOptions creationOptions)
   at System.Threading.Tasks.TaskFactory.FromAsync[TArg1,TArg2](Func`5 beginMethod, Action`1 endMethod, TArg1 arg1, TArg2 arg2, Object state, TaskCreationOptions creationOptions)
   at System.Threading.Tasks.TaskFactory.FromAsync[TArg1,TArg2](Func`5 beginMethod, Action`1 endMethod, TArg1 arg1, TArg2 arg2, Object state)
   at System.Net.Security.SslStream.AuthenticateAsServerAsync(SslServerAuthenticationOptions sslServerAuthenticationOptions, CancellationToken cancellationToken)
   at Microsoft.AspNetCore.Server.Kestrel.Https.Internal.HttpsConnectionAdapter.InnerOnConnectionAsync(ConnectionAdapterContext context)
2019-03-27 21:55:49,933 [14] INFO Microsoft.AspNetCore.Hosting.Internal.WebHost - Request starting HTTP/1.1 GET https://localhost:5001/api/values  
2019-03-27 21:55:50,260 [14] INFO Microsoft.AspNetCore.Hosting.Internal.WebHost - Request finished in 327.3899ms 404 
2019-03-27 21:56:31,689 [17] INFO Microsoft.AspNetCore.Hosting.Internal.WebHost - Request starting HTTP/1.1 GET https://localhost:5001/api/ping  
2019-03-27 21:56:31,737 [17] INFO Microsoft.AspNetCore.Mvc.Internal.ControllerActionInvoker - Route matched with {action = "Ping", controller = "Ping"}. Executing action Mithril.Invoices.WebApi.Controllers.PingController.Ping (Mithril.Invoices.WebApi)
2019-03-27 21:56:31,876 [17] INFO Microsoft.AspNetCore.Mvc.Internal.ControllerActionInvoker - Executing action method Mithril.Invoices.WebApi.Controllers.PingController.Ping (Mithril.Invoices.WebApi) - Validation state: Valid
2019-03-27 21:56:31,877 [17] ERROR bouh - Bouh
2019-03-27 21:56:31,879 [17] INFO Microsoft.AspNetCore.Mvc.Internal.ControllerActionInvoker - Executed action method Mithril.Invoices.WebApi.Controllers.PingController.Ping (Mithril.Invoices.WebApi), returned result Microsoft.AspNetCore.Mvc.OkObjectResult in 0.8749ms.
2019-03-27 21:56:31,888 [17] INFO Microsoft.AspNetCore.Mvc.Infrastructure.ObjectResultExecutor - Executing ObjectResult, writing value of type 'System.String'.
2019-03-27 21:56:31,893 [17] INFO Microsoft.AspNetCore.Mvc.Internal.ControllerActionInvoker - Executed action Mithril.Invoices.WebApi.Controllers.PingController.Ping (Mithril.Invoices.WebApi) in 154.3779ms
2019-03-27 21:56:31,898 [17] INFO Microsoft.AspNetCore.Hosting.Internal.WebHost - Request finished in 209.0536ms 200 text/plain; charset=utf-8
2019-03-27 21:58:27,393 [1] INFO Microsoft.AspNetCore.DataProtection.KeyManagement.XmlKeyManager - User profile is available. Using 'C:\Users\Domin\AppData\Local\ASP.NET\DataProtection-Keys' as key repository and Windows DPAPI to encrypt keys at rest.
2019-03-27 21:58:28,351 [11] DEBUG HttpsConnectionAdapter - Failed to authenticate HTTPS connection.
System.IO.IOException: Authentication failed because the remote party has closed the transport stream.
   at System.Net.Security.SslState.StartReadFrame(Byte[] buffer, Int32 readBytes, AsyncProtocolRequest asyncRequest)
   at System.Net.Security.SslState.StartReceiveBlob(Byte[] buffer, AsyncProtocolRequest asyncRequest)
   at System.Net.Security.SslState.ForceAuthentication(Boolean receiveFirst, Byte[] buffer, AsyncProtocolRequest asyncRequest)
   at System.Net.Security.SslState.ProcessAuthentication(LazyAsyncResult lazyResult)
   at System.Net.Security.SslStream.BeginAuthenticateAsServer(SslServerAuthenticationOptions sslServerAuthenticationOptions, CancellationToken cancellationToken, AsyncCallback asyncCallback, Object asyncState)
   at System.Net.Security.SslStream.<>c.<AuthenticateAsServerAsync>b__51_0(SslServerAuthenticationOptions arg1, CancellationToken arg2, AsyncCallback callback, Object state)
   at System.Threading.Tasks.TaskFactory`1.FromAsyncImpl[TArg1,TArg2](Func`5 beginMethod, Func`2 endFunction, Action`1 endAction, TArg1 arg1, TArg2 arg2, Object state, TaskCreationOptions creationOptions)
   at System.Threading.Tasks.TaskFactory.FromAsync[TArg1,TArg2](Func`5 beginMethod, Action`1 endMethod, TArg1 arg1, TArg2 arg2, Object state, TaskCreationOptions creationOptions)
   at System.Threading.Tasks.TaskFactory.FromAsync[TArg1,TArg2](Func`5 beginMethod, Action`1 endMethod, TArg1 arg1, TArg2 arg2, Object state)
   at System.Net.Security.SslStream.AuthenticateAsServerAsync(SslServerAuthenticationOptions sslServerAuthenticationOptions, CancellationToken cancellationToken)
   at Microsoft.AspNetCore.Server.Kestrel.Https.Internal.HttpsConnectionAdapter.InnerOnConnectionAsync(ConnectionAdapterContext context)
2019-03-27 21:58:28,351 [12] DEBUG HttpsConnectionAdapter - Failed to authenticate HTTPS connection.
System.IO.IOException: Authentication failed because the remote party has closed the transport stream.
   at System.Net.Security.SslState.StartReadFrame(Byte[] buffer, Int32 readBytes, AsyncProtocolRequest asyncRequest)
   at System.Net.Security.SslState.StartReceiveBlob(Byte[] buffer, AsyncProtocolRequest asyncRequest)
   at System.Net.Security.SslState.ForceAuthentication(Boolean receiveFirst, Byte[] buffer, AsyncProtocolRequest asyncRequest)
   at System.Net.Security.SslState.ProcessAuthentication(LazyAsyncResult lazyResult)
   at System.Net.Security.SslStream.BeginAuthenticateAsServer(SslServerAuthenticationOptions sslServerAuthenticationOptions, CancellationToken cancellationToken, AsyncCallback asyncCallback, Object asyncState)
   at System.Net.Security.SslStream.<>c.<AuthenticateAsServerAsync>b__51_0(SslServerAuthenticationOptions arg1, CancellationToken arg2, AsyncCallback callback, Object state)
   at System.Threading.Tasks.TaskFactory`1.FromAsyncImpl[TArg1,TArg2](Func`5 beginMethod, Func`2 endFunction, Action`1 endAction, TArg1 arg1, TArg2 arg2, Object state, TaskCreationOptions creationOptions)
   at System.Threading.Tasks.TaskFactory.FromAsync[TArg1,TArg2](Func`5 beginMethod, Action`1 endMethod, TArg1 arg1, TArg2 arg2, Object state, TaskCreationOptions creationOptions)
   at System.Threading.Tasks.TaskFactory.FromAsync[TArg1,TArg2](Func`5 beginMethod, Action`1 endMethod, TArg1 arg1, TArg2 arg2, Object state)
   at System.Net.Security.SslStream.AuthenticateAsServerAsync(SslServerAuthenticationOptions sslServerAuthenticationOptions, CancellationToken cancellationToken)
   at Microsoft.AspNetCore.Server.Kestrel.Https.Internal.HttpsConnectionAdapter.InnerOnConnectionAsync(ConnectionAdapterContext context)
2019-03-27 21:58:29,318 [12] INFO Microsoft.AspNetCore.Hosting.Internal.WebHost - Request starting HTTP/1.1 GET https://localhost:5001/api/values  
2019-03-27 21:58:29,676 [12] INFO Microsoft.AspNetCore.Hosting.Internal.WebHost - Request finished in 357.1337ms 404 
2019-03-27 21:58:33,005 [8] INFO Microsoft.AspNetCore.Hosting.Internal.WebHost - Request starting HTTP/1.1 GET https://localhost:5001/api/ping  
2019-03-27 21:58:33,050 [8] INFO Microsoft.AspNetCore.Mvc.Internal.ControllerActionInvoker - Route matched with {action = "Ping", controller = "Ping"}. Executing action Mithril.Invoices.WebApi.Controllers.PingController.Ping (Mithril.Invoices.WebApi)
2019-03-27 21:58:33,181 [8] INFO Microsoft.AspNetCore.Mvc.Internal.ControllerActionInvoker - Executing action method Mithril.Invoices.WebApi.Controllers.PingController.Ping (Mithril.Invoices.WebApi) - Validation state: Valid
2019-03-27 21:58:33,181 [8] ERROR bouh - Bouh
2019-03-27 21:58:33,184 [8] INFO Microsoft.AspNetCore.Mvc.Internal.ControllerActionInvoker - Executed action method Mithril.Invoices.WebApi.Controllers.PingController.Ping (Mithril.Invoices.WebApi), returned result Microsoft.AspNetCore.Mvc.OkObjectResult in 1.0567ms.
2019-03-27 21:58:33,194 [8] INFO Microsoft.AspNetCore.Mvc.Infrastructure.ObjectResultExecutor - Executing ObjectResult, writing value of type 'System.String'.
2019-03-27 21:58:33,200 [8] INFO Microsoft.AspNetCore.Mvc.Internal.ControllerActionInvoker - Executed action Mithril.Invoices.WebApi.Controllers.PingController.Ping (Mithril.Invoices.WebApi) in 147.9684ms
2019-03-27 21:58:33,204 [8] INFO Microsoft.AspNetCore.Hosting.Internal.WebHost - Request finished in 198.9561ms 200 text/plain; charset=utf-8
